<?xml version="1.0" encoding="UTF-8"?>
<testng-results skipped="0" failed="0" ignored="0" total="1" passed="1">
  <reporter-output>
  </reporter-output>
  <suite name="Default suite" duration-ms="22085" started-at="2019-07-27T10:24:51 IST" finished-at="2019-07-27T10:25:13 IST">
    <groups>
    </groups>
    <test name="Default test" duration-ms="22085" started-at="2019-07-27T10:24:51 IST" finished-at="2019-07-27T10:25:13 IST">
      <class name="week5.day1.CreateLead">
        <test-method status="PASS" signature="runCreateLead()[pri:0, instance:week5.day1.CreateLead@ec5a4a]" name="runCreateLead" duration-ms="22014" started-at="2019-07-27T10:24:51 IST" finished-at="2019-07-27T10:25:13 IST">
          <reporter-output>
          </reporter-output>
        </test-method> <!-- runCreateLead -->
      </class> <!-- week5.day1.CreateLead -->
    </test> <!-- Default test -->
  </suite> <!-- Default suite -->
</testng-results>
